[main] INFO  com.infy.DatajpaApplication  - Records are successfully added...
[main] INFO  com.infy.DatajpaApplication  - Records are successfully added...
[main] INFO  com.infy.DatajpaApplication  - Deleted successfully...
[main] INFO  com.infy.DatajpaApplication  - Records are successfully added...
[main] INFO  com.infy.DatajpaApplication  - Deleted successfully...
[main] INFO  com.infy.DatajpaApplication  - Records are successfully added...
[main] INFO  com.infy.DatajpaApplication  - Deleted successfully...
[main] INFO  com.infy.DatajpaApplication  - Records are successfully added...
[main] INFO  com.infy.DatajpaApplication  - Deleted successfully...
[main] INFO  com.infy.DatajpaApplication  - enter empid of the employee to display details: 
[main] INFO  com.infy.DatajpaApplication  - Records are successfully added...
[main] INFO  com.infy.DatajpaApplication  - Deleted successfully...
[main] INFO  com.infy.DatajpaApplication  - enter empid of the employee to display details: 
[main] INFO  com.infy.DatajpaApplication  - Details...
[main] INFO  com.infy.DatajpaApplication  - Employee ID: 101
[main] INFO  com.infy.DatajpaApplication  - Employee Name: jane
[main] INFO  com.infy.DatajpaApplication  - Department: eta
[main] INFO  com.infy.DatajpaApplication  - Location: hyd
[main] INFO  com.infy.DatajpaApplication  - Address: 456
[main] INFO  com.infy.DatajpaApplication  - 
[main] INFO  com.infy.DatajpaApplication  - Records are successfully added...
[main] INFO  com.infy.DatajpaApplication  - Deleted successfully...
[main] INFO  com.infy.DatajpaApplication  - enter empid of the employee to display details: 
[main] INFO  com.infy.DatajpaApplication  - Records are successfully added...
[main] INFO  com.infy.DatajpaApplication  - Records are successfully added...
[main] INFO  com.infy.DatajpaApplication  - Records are successfully added...
[main] INFO  com.infy.DatajpaApplication  - Records per page: 
[main] INFO  com.infy.DatajpaApplication  - Employee [empId=101, empName=jane, department=eta, baseLocation=hyd, addressId=456]
[main] INFO  com.infy.DatajpaApplication  - Employee [empId=102, empName=mike, department=eta, baseLocation=mumbai, addressId=567]
[main] INFO  com.infy.DatajpaApplication  - Employee [empId=103, empName=jake, department=eta, baseLocation=bangalore, addressId=879]
[main] INFO  com.infy.DatajpaApplication  - Records per page: 
[main] INFO  com.infy.DatajpaApplication  - Employee [empId=104, empName=ross, department=eta, baseLocation=mumbai, addressId=980]
[main] INFO  com.infy.DatajpaApplication  - Employee [empId=105, empName=alan, department=eta, baseLocation=kerala, addressId=777]
[main] INFO  com.infy.DatajpaApplication  - Employee [empId=106, empName=jack, department=eta, baseLocation=chennai, addressId=56]
[main] INFO  com.infy.DatajpaApplication  - Records per page: 
[main] INFO  com.infy.DatajpaApplication  - Sorted records...
[main] INFO  com.infy.DatajpaApplication  - Records are successfully added...
[main] INFO  com.infy.DatajpaApplication  - Records per page: 
[main] INFO  com.infy.DatajpaApplication  - Employee [empId=101, empName=jane, department=eta, baseLocation=hyd, addressId=456]
[main] INFO  com.infy.DatajpaApplication  - Employee [empId=102, empName=mike, department=eta, baseLocation=mumbai, addressId=567]
[main] INFO  com.infy.DatajpaApplication  - Employee [empId=103, empName=jake, department=eta, baseLocation=bangalore, addressId=879]
[main] INFO  com.infy.DatajpaApplication  - Records per page: 
[main] INFO  com.infy.DatajpaApplication  - Employee [empId=104, empName=ross, department=eta, baseLocation=mumbai, addressId=980]
[main] INFO  com.infy.DatajpaApplication  - Employee [empId=105, empName=alan, department=eta, baseLocation=kerala, addressId=777]
[main] INFO  com.infy.DatajpaApplication  - Employee [empId=106, empName=jack, department=eta, baseLocation=chennai, addressId=56]
[main] INFO  com.infy.DatajpaApplication  - Records per page: 
[main] INFO  com.infy.DatajpaApplication  - Sorted records...
[main] INFO  com.infy.DatajpaApplication  - Employee [empId=106, empName=jack, department=eta, baseLocation=chennai, addressId=56]
[main] INFO  com.infy.DatajpaApplication  - Employee [empId=105, empName=alan, department=eta, baseLocation=kerala, addressId=777]
[main] INFO  com.infy.DatajpaApplication  - Employee [empId=104, empName=ross, department=eta, baseLocation=mumbai, addressId=980]
[main] INFO  com.infy.DatajpaApplication  - Employee [empId=103, empName=jake, department=eta, baseLocation=bangalore, addressId=879]
[main] INFO  com.infy.DatajpaApplication  - Employee [empId=102, empName=mike, department=eta, baseLocation=mumbai, addressId=567]
[main] INFO  com.infy.DatajpaApplication  - Employee [empId=101, empName=jane, department=eta, baseLocation=hyd, addressId=456]
